{
  "0 debug pnpm:scope": {
    "selected": 1
  },
  "1 debug pnpm:package-manifest": {
    "initial": {
      "name": "preact-vite",
      "version": "0.0.0",
      "scripts": {
        "dev": "vite",
        "build": "cross-env NODE_ENV=production vite build",
        "serve": "vite preview",
        "pretty": "prettier -w -u src/**",
        "lint": "eslint --ext .ts,tsx src/** --fix",
        "test": "jest"
      },
      "dependencies": {
        "@preact/preset-vite": "^2.0.0",
        "axios": "^0.24.0",
        "cross-env": "^7.0.3",
        "jotai": "^1.4.5",
        "preact": "^10.5.13",
        "preact-async-route": "^2.2.1",
        "preact-router": "^3.2.1",
        "vite": "^2.6.4",
        "vite-plugin-windicss": "^1.4.11",
        "windicss": "^3.1.9",
        "react": "preact/compat"
      },
      "devDependencies": {
        "@testing-library/jest-dom": "^5.14.1",
        "@testing-library/preact": "^2.0.1",
        "@types/jest": "^27.0.2",
        "@types/node": "^16.11.0",
        "@typescript-eslint/parser": "^5.0.0",
        "eslint": "^8.0.1",
        "eslint-config-preact": "^1.1.4",
        "eslint-config-prettier": "^8.3.0",
        "identity-obj-proxy": "^3.0.0",
        "jest": "^27.2.5",
        "prettier": "^2.4.1",
        "ts-jest": "^27.0.6",
        "typescript": "^4.4.4"
      }
    },
    "prefix": "/home/hanscem/johnshift/veils/frontend"
  },
  "2 debug pnpm:context": {
    "currentLockfileExists": false,
    "storeDir": "/home/hanscem/.pnpm-store/v3",
    "virtualStoreDir": "/home/hanscem/johnshift/veils/frontend/node_modules/.pnpm"
  },
  "3 debug pnpm:stage": {
    "prefix": "/home/hanscem/johnshift/veils/frontend",
    "stage": "resolution_started"
  },
  "4 debug pnpm:_dependency_resolved": {
    "resolution": "registry.npmjs.org/@testing-library/jest-dom/5.14.1",
    "wanted": {
      "dependentId": ".",
      "name": "@testing-library/jest-dom",
      "rawSpec": "^5.14.1"
    }
  },
  "5 debug pnpm:_dependency_resolved": {
    "resolution": "registry.npmjs.org/@testing-library/preact/2.0.1",
    "wanted": {
      "dependentId": ".",
      "name": "@testing-library/preact",
      "rawSpec": "^2.0.1"
    }
  },
  "6 debug pnpm:_dependency_resolved": {
    "resolution": "registry.npmjs.org/@types/jest/27.0.2",
    "wanted": {
      "dependentId": ".",
      "name": "@types/jest",
      "rawSpec": "^27.0.2"
    }
  },
  "7 debug pnpm:_dependency_resolved": {
    "resolution": "registry.npmjs.org/@types/node/16.11.0",
    "wanted": {
      "dependentId": ".",
      "name": "@types/node",
      "rawSpec": "^16.11.0"
    }
  },
  "8 debug pnpm:_dependency_resolved": {
    "resolution": "registry.npmjs.org/@typescript-eslint/parser/5.0.0",
    "wanted": {
      "dependentId": ".",
      "name": "@typescript-eslint/parser",
      "rawSpec": "^5.0.0"
    }
  },
  "9 debug pnpm:_dependency_resolved": {
    "resolution": "registry.npmjs.org/eslint/8.0.1",
    "wanted": {
      "dependentId": ".",
      "name": "eslint",
      "rawSpec": "^8.0.1"
    }
  },
  "10 debug pnpm:_dependency_resolved": {
    "resolution": "registry.npmjs.org/eslint-config-preact/1.1.4",
    "wanted": {
      "dependentId": ".",
      "name": "eslint-config-preact",
      "rawSpec": "^1.1.4"
    }
  },
  "11 debug pnpm:_dependency_resolved": {
    "resolution": "registry.npmjs.org/eslint-config-prettier/8.3.0",
    "wanted": {
      "dependentId": ".",
      "name": "eslint-config-prettier",
      "rawSpec": "^8.3.0"
    }
  },
  "12 debug pnpm:_dependency_resolved": {
    "resolution": "registry.npmjs.org/identity-obj-proxy/3.0.0",
    "wanted": {
      "dependentId": ".",
      "name": "identity-obj-proxy",
      "rawSpec": "^3.0.0"
    }
  },
  "13 debug pnpm:_dependency_resolved": {
    "resolution": "registry.npmjs.org/jest/27.2.5",
    "wanted": {
      "dependentId": ".",
      "name": "jest",
      "rawSpec": "^27.2.5"
    }
  },
  "14 debug pnpm:_dependency_resolved": {
    "resolution": "registry.npmjs.org/prettier/2.4.1",
    "wanted": {
      "dependentId": ".",
      "name": "prettier",
      "rawSpec": "^2.4.1"
    }
  },
  "15 debug pnpm:_dependency_resolved": {
    "resolution": "registry.npmjs.org/ts-jest/27.0.6",
    "wanted": {
      "dependentId": ".",
      "name": "ts-jest",
      "rawSpec": "^27.0.6"
    }
  },
  "16 debug pnpm:_dependency_resolved": {
    "resolution": "registry.npmjs.org/typescript/4.4.4",
    "wanted": {
      "dependentId": ".",
      "name": "typescript",
      "rawSpec": "^4.4.4"
    }
  },
  "17 debug pnpm:_dependency_resolved": {
    "resolution": "registry.npmjs.org/@preact/preset-vite/2.1.4",
    "wanted": {
      "dependentId": ".",
      "name": "@preact/preset-vite",
      "rawSpec": "^2.0.0"
    }
  },
  "18 debug pnpm:_dependency_resolved": {
    "resolution": "registry.npmjs.org/axios/0.24.0",
    "wanted": {
      "dependentId": ".",
      "name": "axios",
      "rawSpec": "^0.24.0"
    }
  },
  "19 debug pnpm:_dependency_resolved": {
    "resolution": "registry.npmjs.org/cross-env/7.0.3",
    "wanted": {
      "dependentId": ".",
      "name": "cross-env",
      "rawSpec": "^7.0.3"
    }
  },
  "20 debug pnpm:_dependency_resolved": {
    "resolution": "registry.npmjs.org/jotai/1.4.5",
    "wanted": {
      "dependentId": ".",
      "name": "jotai",
      "rawSpec": "^1.4.5"
    }
  },
  "21 debug pnpm:_dependency_resolved": {
    "resolution": "registry.npmjs.org/preact/10.5.15",
    "wanted": {
      "dependentId": ".",
      "name": "preact",
      "rawSpec": "^10.5.13"
    }
  },
  "22 debug pnpm:_dependency_resolved": {
    "resolution": "registry.npmjs.org/preact-async-route/2.2.1",
    "wanted": {
      "dependentId": ".",
      "name": "preact-async-route",
      "rawSpec": "^2.2.1"
    }
  },
  "23 debug pnpm:_dependency_resolved": {
    "resolution": "registry.npmjs.org/preact-router/3.2.1",
    "wanted": {
      "dependentId": ".",
      "name": "preact-router",
      "rawSpec": "^3.2.1"
    }
  },
  "24 debug pnpm:_dependency_resolved": {
    "resolution": "registry.npmjs.org/vite/2.6.7",
    "wanted": {
      "dependentId": ".",
      "name": "vite",
      "rawSpec": "^2.6.4"
    }
  },
  "25 debug pnpm:_dependency_resolved": {
    "resolution": "registry.npmjs.org/vite-plugin-windicss/1.4.11",
    "wanted": {
      "dependentId": ".",
      "name": "vite-plugin-windicss",
      "rawSpec": "^1.4.11"
    }
  },
  "26 debug pnpm:_dependency_resolved": {
    "resolution": "registry.npmjs.org/windicss/3.1.9",
    "wanted": {
      "dependentId": ".",
      "name": "windicss",
      "rawSpec": "^3.1.9"
    }
  },
  "27 debug pnpm:progress": {
    "packageId": "registry.npmjs.org/@testing-library/preact/2.0.1",
    "requester": "/home/hanscem/johnshift/veils/frontend",
    "status": "resolved"
  },
  "28 debug pnpm:progress": {
    "packageId": "registry.npmjs.org/@testing-library/preact/2.0.1",
    "requester": "/home/hanscem/johnshift/veils/frontend",
    "status": "found_in_store"
  },
  "29 debug pnpm:progress": {
    "packageId": "registry.npmjs.org/@testing-library/jest-dom/5.14.1",
    "requester": "/home/hanscem/johnshift/veils/frontend",
    "status": "resolved"
  },
  "30 debug pnpm:progress": {
    "packageId": "registry.npmjs.org/@testing-library/jest-dom/5.14.1",
    "requester": "/home/hanscem/johnshift/veils/frontend",
    "status": "found_in_store"
  },
  "31 debug pnpm:progress": {
    "packageId": "registry.npmjs.org/@types/node/16.11.0",
    "requester": "/home/hanscem/johnshift/veils/frontend",
    "status": "resolved"
  },
  "32 debug pnpm:progress": {
    "packageId": "registry.npmjs.org/@types/node/16.11.0",
    "requester": "/home/hanscem/johnshift/veils/frontend",
    "status": "found_in_store"
  },
  "33 debug pnpm:progress": {
    "packageId": "registry.npmjs.org/@typescript-eslint/parser/5.0.0",
    "requester": "/home/hanscem/johnshift/veils/frontend",
    "status": "resolved"
  },
  "34 debug pnpm:progress": {
    "packageId": "registry.npmjs.org/@typescript-eslint/parser/5.0.0",
    "requester": "/home/hanscem/johnshift/veils/frontend",
    "status": "found_in_store"
  },
  "35 debug pnpm:progress": {
    "packageId": "registry.npmjs.org/eslint-config-preact/1.1.4",
    "requester": "/home/hanscem/johnshift/veils/frontend",
    "status": "resolved"
  },
  "36 debug pnpm:progress": {
    "packageId": "registry.npmjs.org/eslint-config-preact/1.1.4",
    "requester": "/home/hanscem/johnshift/veils/frontend",
    "status": "found_in_store"
  },
  "37 debug pnpm:progress": {
    "packageId": "registry.npmjs.org/eslint-config-prettier/8.3.0",
    "requester": "/home/hanscem/johnshift/veils/frontend",
    "status": "resolved"
  },
  "38 debug pnpm:progress": {
    "packageId": "registry.npmjs.org/eslint-config-prettier/8.3.0",
    "requester": "/home/hanscem/johnshift/veils/frontend",
    "status": "found_in_store"
  },
  "39 debug pnpm:progress": {
    "packageId": "registry.npmjs.org/identity-obj-proxy/3.0.0",
    "requester": "/home/hanscem/johnshift/veils/frontend",
    "status": "resolved"
  },
  "40 debug pnpm:progress": {
    "packageId": "registry.npmjs.org/identity-obj-proxy/3.0.0",
    "requester": "/home/hanscem/johnshift/veils/frontend",
    "status": "found_in_store"
  },
  "41 debug pnpm:progress": {
    "packageId": "registry.npmjs.org/eslint/8.0.1",
    "requester": "/home/hanscem/johnshift/veils/frontend",
    "status": "resolved"
  },
  "42 debug pnpm:progress": {
    "packageId": "registry.npmjs.org/eslint/8.0.1",
    "requester": "/home/hanscem/johnshift/veils/frontend",
    "status": "found_in_store"
  },
  "43 debug pnpm:progress": {
    "packageId": "registry.npmjs.org/prettier/2.4.1",
    "requester": "/home/hanscem/johnshift/veils/frontend",
    "status": "resolved"
  },
  "44 debug pnpm:progress": {
    "packageId": "registry.npmjs.org/prettier/2.4.1",
    "requester": "/home/hanscem/johnshift/veils/frontend",
    "status": "found_in_store"
  },
  "45 debug pnpm:progress": {
    "packageId": "registry.npmjs.org/ts-jest/27.0.6",
    "requester": "/home/hanscem/johnshift/veils/frontend",
    "status": "resolved"
  },
  "46 debug pnpm:progress": {
    "packageId": "registry.npmjs.org/ts-jest/27.0.6",
    "requester": "/home/hanscem/johnshift/veils/frontend",
    "status": "found_in_store"
  },
  "47 debug pnpm:progress": {
    "packageId": "registry.npmjs.org/@preact/preset-vite/2.1.4",
    "requester": "/home/hanscem/johnshift/veils/frontend",
    "status": "resolved"
  },
  "48 debug pnpm:progress": {
    "packageId": "registry.npmjs.org/@preact/preset-vite/2.1.4",
    "requester": "/home/hanscem/johnshift/veils/frontend",
    "status": "found_in_store"
  },
  "49 debug pnpm:progress": {
    "packageId": "registry.npmjs.org/axios/0.24.0",
    "requester": "/home/hanscem/johnshift/veils/frontend",
    "status": "resolved"
  },
  "50 debug pnpm:progress": {
    "packageId": "registry.npmjs.org/axios/0.24.0",
    "requester": "/home/hanscem/johnshift/veils/frontend",
    "status": "found_in_store"
  },
  "51 debug pnpm:progress": {
    "packageId": "registry.npmjs.org/jest/27.2.5",
    "requester": "/home/hanscem/johnshift/veils/frontend",
    "status": "resolved"
  },
  "52 debug pnpm:progress": {
    "packageId": "registry.npmjs.org/jest/27.2.5",
    "requester": "/home/hanscem/johnshift/veils/frontend",
    "status": "found_in_store"
  },
  "53 debug pnpm:progress": {
    "packageId": "registry.npmjs.org/typescript/4.4.4",
    "requester": "/home/hanscem/johnshift/veils/frontend",
    "status": "resolved"
  },
  "54 debug pnpm:progress": {
    "packageId": "registry.npmjs.org/typescript/4.4.4",
    "requester": "/home/hanscem/johnshift/veils/frontend",
    "status": "found_in_store"
  },
  "55 debug pnpm:progress": {
    "packageId": "registry.npmjs.org/@types/jest/27.0.2",
    "requester": "/home/hanscem/johnshift/veils/frontend",
    "status": "resolved"
  },
  "56 debug pnpm:progress": {
    "packageId": "registry.npmjs.org/@types/jest/27.0.2",
    "requester": "/home/hanscem/johnshift/veils/frontend",
    "status": "found_in_store"
  },
  "57 debug pnpm:progress": {
    "packageId": "registry.npmjs.org/preact/10.5.15",
    "requester": "/home/hanscem/johnshift/veils/frontend",
    "status": "resolved"
  },
  "58 debug pnpm:progress": {
    "packageId": "registry.npmjs.org/preact/10.5.15",
    "requester": "/home/hanscem/johnshift/veils/frontend",
    "status": "found_in_store"
  },
  "59 debug pnpm:progress": {
    "packageId": "registry.npmjs.org/cross-env/7.0.3",
    "requester": "/home/hanscem/johnshift/veils/frontend",
    "status": "resolved"
  },
  "60 debug pnpm:progress": {
    "packageId": "registry.npmjs.org/cross-env/7.0.3",
    "requester": "/home/hanscem/johnshift/veils/frontend",
    "status": "found_in_store"
  },
  "61 debug pnpm:progress": {
    "packageId": "registry.npmjs.org/preact-router/3.2.1",
    "requester": "/home/hanscem/johnshift/veils/frontend",
    "status": "resolved"
  },
  "62 debug pnpm:progress": {
    "packageId": "registry.npmjs.org/preact-router/3.2.1",
    "requester": "/home/hanscem/johnshift/veils/frontend",
    "status": "found_in_store"
  },
  "63 debug pnpm:progress": {
    "packageId": "registry.npmjs.org/preact-async-route/2.2.1",
    "requester": "/home/hanscem/johnshift/veils/frontend",
    "status": "resolved"
  },
  "64 debug pnpm:progress": {
    "packageId": "registry.npmjs.org/preact-async-route/2.2.1",
    "requester": "/home/hanscem/johnshift/veils/frontend",
    "status": "found_in_store"
  },
  "65 debug pnpm:progress": {
    "packageId": "registry.npmjs.org/jotai/1.4.5",
    "requester": "/home/hanscem/johnshift/veils/frontend",
    "status": "resolved"
  },
  "66 debug pnpm:progress": {
    "packageId": "registry.npmjs.org/jotai/1.4.5",
    "requester": "/home/hanscem/johnshift/veils/frontend",
    "status": "found_in_store"
  },
  "67 debug pnpm:progress": {
    "packageId": "registry.npmjs.org/vite/2.6.7",
    "requester": "/home/hanscem/johnshift/veils/frontend",
    "status": "resolved"
  },
  "68 debug pnpm:progress": {
    "packageId": "registry.npmjs.org/vite/2.6.7",
    "requester": "/home/hanscem/johnshift/veils/frontend",
    "status": "found_in_store"
  },
  "69 debug pnpm:progress": {
    "packageId": "registry.npmjs.org/vite-plugin-windicss/1.4.11",
    "requester": "/home/hanscem/johnshift/veils/frontend",
    "status": "resolved"
  },
  "70 debug pnpm:progress": {
    "packageId": "registry.npmjs.org/vite-plugin-windicss/1.4.11",
    "requester": "/home/hanscem/johnshift/veils/frontend",
    "status": "found_in_store"
  },
  "71 debug pnpm:progress": {
    "packageId": "registry.npmjs.org/windicss/3.1.9",
    "requester": "/home/hanscem/johnshift/veils/frontend",
    "status": "resolved"
  },
  "72 debug pnpm:progress": {
    "packageId": "registry.npmjs.org/windicss/3.1.9",
    "requester": "/home/hanscem/johnshift/veils/frontend",
    "status": "found_in_store"
  },
  "73 debug pnpm:_dependency_resolved": {
    "resolution": "registry.npmjs.org/preact-compat/3.19.0",
    "wanted": {
      "dependentId": ".",
      "name": "preact-compat",
      "rawSpec": "latest"
    }
  },
  "74 debug pnpm:progress": {
    "packageId": "registry.npmjs.org/preact-compat/3.19.0",
    "requester": "/home/hanscem/johnshift/veils/frontend",
    "status": "resolved"
  },
  "75 debug pnpm:fetching-progress": {
    "attempt": 1,
    "packageId": "registry.npmjs.org/preact-compat/3.19.0",
    "size": 53439,
    "status": "started"
  },
  "76 debug pnpm:progress": {
    "packageId": "registry.npmjs.org/preact-compat/3.19.0",
    "requester": "/home/hanscem/johnshift/veils/frontend",
    "status": "fetched"
  },
  "77 error pnpm": {
    "shortMessage": "Command failed with exit code 128: /usr/bin/git ls-remote git+ssh://git@github.com/preact/compat.git HEAD",
    "command": "/usr/bin/git ls-remote git+ssh://git@github.com/preact/compat.git HEAD",
    "escapedCommand": "\"/usr/bin/git\" ls-remote \"git+ssh://git@github.com/preact/compat.git\" HEAD",
    "exitCode": 128,
    "stdout": "",
    "stderr": "git@github.com: Permission denied (publickey).\r\nfatal: Could not read from remote repository.\n\nPlease make sure you have the correct access rights\nand the repository exists.",
    "failed": true,
    "timedOut": false,
    "isCanceled": false,
    "killed": false,
    "pkgsStack": [],
    "err": {
      "name": "pnpm",
      "message": "Command failed with exit code 128: /usr/bin/git ls-remote git+ssh://git@github.com/preact/compat.git HEAD\ngit@github.com: Permission denied (publickey).\r\nfatal: Could not read from remote repository.\n\nPlease make sure you have the correct access rights\nand the repository exists.",
      "stack": "pnpm: Command failed with exit code 128: /usr/bin/git ls-remote git+ssh://git@github.com/preact/compat.git HEAD\ngit@github.com: Permission denied (publickey).\r\nfatal: Could not read from remote repository.\n\nPlease make sure you have the correct access rights\nand the repository exists.\n    at makeError (/usr/pnpm-global/5/node_modules/.pnpm/pnpm@6.23.2/node_modules/pnpm/dist/pnpm.cjs:37248:17)\n    at handlePromise (/usr/pnpm-global/5/node_modules/.pnpm/pnpm@6.23.2/node_modules/pnpm/dist/pnpm.cjs:37819:33)\n    at processTicksAndRejections (internal/process/task_queues.js:95:5)\n    at async getRepoRefs (/usr/pnpm-global/5/node_modules/.pnpm/pnpm@6.23.2/node_modules/pnpm/dist/pnpm.cjs:84311:22)\n    at async resolveRef (/usr/pnpm-global/5/node_modules/.pnpm/pnpm@6.23.2/node_modules/pnpm/dist/pnpm.cjs:84323:20)\n    at async resolveGit (/usr/pnpm-global/5/node_modules/.pnpm/pnpm@6.23.2/node_modules/pnpm/dist/pnpm.cjs:84274:24)\n    at async Object.resolve (/usr/pnpm-global/5/node_modules/.pnpm/pnpm@6.23.2/node_modules/pnpm/dist/pnpm.cjs:85391:241)\n    at async run (/usr/pnpm-global/5/node_modules/.pnpm/pnpm@6.23.2/node_modules/pnpm/dist/pnpm.cjs:71101:23)"
    }
  }
}